0 info it worked if it ends with ok
1 verbose cli [ 'C:\\Program Files\\nodejs\\node.exe',
1 verbose cli   'C:\\Program Files\\nodejs\\node_modules\\npm\\bin\\npm-cli.js',
1 verbose cli   'run',
1 verbose cli   'start' ]
2 info using npm@4.1.2
3 info using node@v7.7.1
4 verbose run-script [ 'prestart', 'start', 'poststart' ]
5 info lifecycle nodeintro@0.0.444~prestart: nodeintro@0.0.444
6 silly lifecycle nodeintro@0.0.444~prestart: no script for prestart, continuing
7 info lifecycle nodeintro@0.0.444~start: nodeintro@0.0.444
8 verbose lifecycle nodeintro@0.0.444~start: unsafe-perm in lifecycle true
9 verbose lifecycle nodeintro@0.0.444~start: PATH: C:\Program Files\nodejs\node_modules\npm\bin\node-gyp-bin;C:\Users\ladibonaventura\Desktop\nodeIntro\node_modules\.bin;C:\ProgramData\Oracle\Java\javapath;C:\Program Files (x86)\NVIDIA Corporation\PhysX\Common;C:\Program Files (x86)\Intel\iCLS Client\;C:\Program Files\Intel\iCLS Client\;C:\Windows\system32;C:\Windows;C:\Windows\System32\Wbem;C:\Program Files\Common Files\Autodesk Shared\;C:\Program Files\Intel\DMIX;C:\Program Files (x86)\Autodesk\Backburner\;C:\Program Files (x86)\Intel\OpenCL SDK\2.0\bin\x86;C:\Program Files (x86)\Intel\OpenCL SDK\2.0\bin\x64;C:\Program Files\Intel\Intel(R) Management Engine Components\DAL;C:\Program Files\Intel\Intel(R) Management Engine Components\IPT;C:\Program Files (x86)\Intel\Intel(R) Management Engine Components\DAL;C:\Program Files (x86)\Intel\Intel(R) Management Engine Components\IPT;C:\PROGRAM FILES\OPENOFFICE.ORG 3\URE\BIN; C:\PROGRAM FILES (X86)\OPENOFFICE.ORG 3\URE\BIN;C:\Windows\System32\WindowsPowerShell\v1.0\;C:\Windows\System32\WindowsPowerShell\v1.0\;C:\Program Files (x86)\QuickTime\QTSystem\;C:\Program Files (x86)\GtkSharp\2.12\bin;C:\Program Files\nodejs\
10 verbose lifecycle nodeintro@0.0.444~start: CWD: C:\Users\ladibonaventura\Desktop\nodeIntro
11 silly lifecycle nodeintro@0.0.444~start: Args: [ '/d /s /c', 'npm run lite' ]
12 silly lifecycle nodeintro@0.0.444~start: Returned: code: 3221225786  signal: null
13 info lifecycle nodeintro@0.0.444~start: Failed to exec start script
14 verbose stack Error: nodeintro@0.0.444 start: `npm run lite`
14 verbose stack Exit status 3221225786
14 verbose stack     at EventEmitter.<anonymous> (C:\Program Files\nodejs\node_modules\npm\lib\utils\lifecycle.js:279:16)
14 verbose stack     at emitTwo (events.js:106:13)
14 verbose stack     at EventEmitter.emit (events.js:194:7)
14 verbose stack     at ChildProcess.<anonymous> (C:\Program Files\nodejs\node_modules\npm\lib\utils\spawn.js:40:14)
14 verbose stack     at emitTwo (events.js:106:13)
14 verbose stack     at ChildProcess.emit (events.js:194:7)
14 verbose stack     at maybeClose (internal/child_process.js:899:16)
14 verbose stack     at Process.ChildProcess._handle.onexit (internal/child_process.js:226:5)
15 verbose pkgid nodeintro@0.0.444
16 verbose cwd C:\Users\ladibonaventura\Desktop\nodeIntro
17 error Windows_NT 6.1.7601
18 error argv "C:\\Program Files\\nodejs\\node.exe" "C:\\Program Files\\nodejs\\node_modules\\npm\\bin\\npm-cli.js" "run" "start"
19 error node v7.7.1
20 error npm  v4.1.2
21 error code ELIFECYCLE
22 error nodeintro@0.0.444 start: `npm run lite`
22 error Exit status 3221225786
23 error Failed at the nodeintro@0.0.444 start script 'npm run lite'.
23 error Make sure you have the latest version of node.js and npm installed.
23 error If you do, this is most likely a problem with the nodeintro package,
23 error not with npm itself.
23 error Tell the author that this fails on your system:
23 error     npm run lite
23 error You can get information on how to open an issue for this project with:
23 error     npm bugs nodeintro
23 error Or if that isn't available, you can get their info via:
23 error     npm owner ls nodeintro
23 error There is likely additional logging output above.
24 verbose exit [ 1, true ]
